==============================================================================
Tests                                                                         
==============================================================================
Tests.Login Tests                                                             
==============================================================================
Valid Login                                                           | FAIL |
Setup failed:
WebDriverException: Message: unknown error: Chrome failed to start: exited abnormally.
  (unknown error: DevToolsActivePort file doesn't exist)
  (The process started from chrome location /usr/bin/google-chrome is no longer running, so ChromeDriver is assuming that Chrome has crashed.)
Stacktrace:
#0 0x555583028ee3 <unknown>
#1 0x555582af6608 <unknown>
#2 0x555582b198ef <unknown>
#3 0x555582b1546f <unknown>
#4 0x555582b4ff45 <unknown>
#5 0x555582b4a163 <unknown>
#6 0x555582b1fbfc <unknown>
#7 0x555582b20c05 <unknown>
#8 0x55558305abaa <unknown>
#9 0x555583070651 <unknown>
#10 0x55558305bb05 <unknown>
#11 0x555583071a68 <unknown>
#12 0x55558305005f <unknown>
#13 0x55558308c818 <unknown>
#14 0x55558308c998 <unknown>
#15 0x5555830a7eed <unknown>
#16 0x7f16bfaa76ba <unknown>
------------------------------------------------------------------------------
Tests.Login Tests                                                     | FAIL |
1 test, 0 passed, 1 failed
==============================================================================
Tests                                                                 | FAIL |
1 test, 0 passed, 1 failed
==============================================================================
Output:  /home/cabox/workspace/robot-bdd-sample/pabot_results/0/output.xml
