==============================================================================
Tests                                                                         
==============================================================================
Tests.Login Tests                                                             
==============================================================================
Invalid Login                                                         | FAIL |
Setup failed:
WebDriverException: Message: unknown error: Chrome failed to start: exited abnormally.
  (unknown error: DevToolsActivePort file doesn't exist)
  (The process started from chrome location /usr/bin/google-chrome is no longer running, so ChromeDriver is assuming that Chrome has crashed.)
Stacktrace:
#0 0x5603fe0e4ee3 <unknown>
#1 0x5603fdbb2608 <unknown>
#2 0x5603fdbd58ef <unknown>
#3 0x5603fdbd146f <unknown>
#4 0x5603fdc0bf45 <unknown>
#5 0x5603fdc06163 <unknown>
#6 0x5603fdbdbbfc <unknown>
#7 0x5603fdbdcc05 <unknown>
#8 0x5603fe116baa <unknown>
#9 0x5603fe12c651 <unknown>
#10 0x5603fe117b05 <unknown>
#11 0x5603fe12da68 <unknown>
#12 0x5603fe10c05f <unknown>
#13 0x5603fe148818 <unknown>
#14 0x5603fe148998 <unknown>
#15 0x5603fe163eed <unknown>
#16 0x7fbd0d2436ba <unknown>
------------------------------------------------------------------------------
Tests.Login Tests                                                     | FAIL |
1 test, 0 passed, 1 failed
==============================================================================
Tests                                                                 | FAIL |
1 test, 0 passed, 1 failed
==============================================================================
Output:  /home/cabox/workspace/robot-bdd-sample/pabot_results/1/output.xml
